app/proguard-rules.pro
# ProGuard Rules for Release Build

-keep class com.sabah.bikhushue.** { *; }
-keepclassmembers class com.sabah.bikhushue.** { *; }
-keep class com.batoulapps.adhan.** { *; }