app/build/outputs/mapping/release/seeds.txt
com.sabah.bikhushue.BeadsCircleView
com.sabah.bikhushue.HomeActivity
com.sabah.bikhushue.TasbeehActivity
com.sabah.bikhushue.MainActivity
com.sabah.bikhushue.PrayerWidgetProvider
com.sabah.bikhushue.AzkarActivity
com.sabah.bikhushue.AthanActivity
com.sabah.bikhushue.BeadsCircleView: BeadsCircleView(android.content.Context,android.util.AttributeSet)
com.sabah.bikhushue.AzkarActivity: AzkarActivity()
com.sabah.bikhushue.HomeActivity: HomeActivity()
com.sabah.bikhushue.MainActivity: MainActivity()
com.sabah.bikhushue.TasbeehActivity: TasbeehActivity()
com.sabah.bikhushue.AthanActivity: AthanActivity()
com.sabah.bikhushue.PrayerWidgetProvider: PrayerWidgetProvider()
...
com.google.android.material.textfield.TextInputLayout: android.graphics.drawable.Drawable getErrorIconDrawable()
androidx.recyclerview.widget.RecyclerView$Adapter$StateRestorationPolicy: androidx.recyclerview.widget.RecyclerView$Adapter$StateRestorationPolicy[] values()
androidx.appcompat.widget.SwitchCompat: android.content.res.ColorStateList getThumbTintList()
androidx.constraintlayout.helper.widget.Flow: void setFirstVerticalBias(float)
androidx.core.view.ViewParentCompat$Api21Impl: void onNestedScrollAccepted(android.view.ViewParent,android.view.View,android.view.View,int)
androidx.appcompat.widget.MenuPopupWindow$MenuDropDownListView: void setHoverListener(androidx.appcompat.widget.MenuItemHoverListener)
com.google.android.material.textfield.MaterialAutoCompleteTextView: android.content.res.ColorStateList getDropDownBackgroundTintList()
com.google.android.material.button.MaterialButton: int getIconGravity()
androidx.vectordrawable.graphics.drawable.VectorDrawableCompat$VGroup: float getTranslateX()
androidx.core.view.ViewCompat$Api16Impl: void postOnAnimation(android.view.View,java.lang.Runnable)
androidx.appcompat.view.menu.ListMenuItemView: ListMenuItemView(android.content.Context,android.util.AttributeSet)
com.google.android.material.textfield.TextInputLayout: void setHintEnabled(boolean)
androidx.appcompat.widget.AppCompatSpinner: java.lang.CharSequence getPrompt()
com.google.android.material.transformation.ExpandableBehavior: ExpandableBehavior(android.content.Context,android.util.AttributeSet)
androidx.core.view.WindowInsetsCompat$Impl: void setRootWindowInsets(androidx.core.view.WindowInsetsCompat)
com.google.android.material.textfield.TextInputLayout: float getBoxCornerRadiusTopEnd()
com.google.android.material.snackbar.Snackbar$SnackbarLayout: void setBackgroundTintMode(android.graphics.PorterDuff$Mode)
androidx.appcompat.widget.AppCompatTextView: int[] getAutoSizeTextAvailableSizes()
androidx.coordinatorlayout.widget.CoordinatorLayout: CoordinatorLayout(android.content.Context,android.util.AttributeSet)
androidx.core.widget.NestedScrollView: float getVerticalScrollFactorCompat()
androidx.appcompat.widget.ActionBarContainer: ActionBarContainer(android.content.Context,android.util.AttributeSet)
com.google.android.material.button.MaterialButton: void setStrokeColor(android.content.res.ColorStateList)
androidx.cardview.widget.CardView: float getCardElevation()
com.google.android.material.button.MaterialButtonToggleGroup: java.util.List getCheckedButtonIds()
com.google.android.material.appbar.MaterialToolbar: void setLogoAdjustViewBounds(boolean)
com.google.android.material.chip.Chip: void setBackgroundResource(int)
androidx.appcompat.widget.MenuPopupWindow$Api23Impl: void setEnterTransition(android.widget.PopupWindow,android.transition.Transition)
androidx.recyclerview.widget.RecyclerView: void setViewCacheExtension(androidx.recyclerview.widget.RecyclerView$ViewCacheExtension)
com.google.android.material.appbar.AppBarLayout: void setOrientation(int)
com.google.android.material.switchmaterial.SwitchMaterial: android.content.res.ColorStateList getMaterialThemeColorsThumbTintList()
androidx.core.view.ViewCompat$Api16Impl: int getMinimumHeight(android.view.View)
com.batoulapps.adhan.Prayer: com.batoulapps.adhan.Prayer valueOf(java.lang.String)
androidx.core.view.ViewCompat$Api21Impl: boolean dispatchNestedPreFling(android.view.View,float,float)
androidx.appcompat.widget.AppCompatMultiAutoCompleteTextView: android.content.res.ColorStateList getSupportCompoundDrawablesTintList()
com.google.android.material.textfield.TextInputLayout: void setErrorAccessibilityLiveRegion(int)
androidx.lifecycle.EmptyActivityLifecycleCallbacks: void onActivityCreated(android.app.Activity,android.os.Bundle)
androidx.core.widget.NestedScrollView: void setFillViewport(boolean)
androidx.appcompat.widget.AppCompatImageView: android.content.res.ColorStateList getSupportBackgroundTintList()