app/build/outputs/mapping/release/usage.txt
com.sabah.bikhushue.AzkarAdapter$AzkarViewHolder:
    public final android.view.View getFlCountContainer()
com.sabah.bikhushue.AzkarDatabaseHelper:
    public static final java.lang.String COL_CATEGORY
    public static final java.lang.String COL_COUNT
    public static final java.lang.String COL_ID
    public static final java.lang.String COL_IS_CUSTOM
    public static final java.lang.String COL_TEXT
    public static final java.lang.String COL_TITLE
    public static final java.lang.String COL_VIRTUES
    private static final java.lang.String DATABASE_NAME
    private static final int DATABASE_VERSION
    public static final java.lang.String TABLE_AZKAR
com.sabah.bikhushue.AzkarItem:
    public final int component1()
    public final java.lang.String component2()
    public final java.lang.String component3()
    public final java.lang.String component4()
    public final java.lang.String component5()
    public final int component6()
    public final int component7()
    public final boolean component8()
    public final int getId()
com.sabah.bikhushue.BeadsCircleView:
    public void <init>(android.content.Context)
com.sabah.bikhushue.DatabaseDownloader:
    private static final long AZKAR_DB_MIN_SIZE
    private static final java.lang.String AZKAR_DB_URL
    private static final long QURAN_DB_MIN_SIZE
    private static final java.lang.String QURAN_DB_URL
    private static final java.lang.String TAG
    public final void checkAndDownloadDatabases(android.content.Context,kotlin.jvm.functions.Function1,kotlin.jvm.functions.Function1)
    private static final void checkAndDownloadDatabases$lambda$4(android.content.Context,android.os.Handler,kotlin.jvm.functions.Function1,kotlin.jvm.functions.Function1)
    private static final void checkAndDownloadDatabases$lambda$4$lambda$0(kotlin.jvm.functions.Function1)
    private static final void checkAndDownloadDatabases$lambda$4$lambda$1(kotlin.jvm.functions.Function1)
    private static final void checkAndDownloadDatabases$lambda$4$lambda$2(kotlin.jvm.functions.Function1,kotlin.jvm.internal.Ref$BooleanRef)
    private static final void checkAndDownloadDatabases$lambda$4$lambda$3(kotlin.jvm.functions.Function1)
    private final boolean downloadFile(java.lang.String,java.io.File)
    public final boolean isAzkarDbReady(android.content.Context)
com.sabah.bikhushue.DatabaseHelper:
    private static final java.lang.String DATABASE_NAME
    private static final int DATABASE_VERSION
    private static final java.lang.String TAG
    public final void inspectDatabaseStructure()
com.sabah.bikhushue.IndexItem:
    public final int component1()
    public final java.lang.String component2()
    public final java.lang.String component3()
    public final int component4()
    public final com.sabah.bikhushue.IndexItem copy(int,java.lang.String,java.lang.String,int)
    public static synthetic com.sabah.bikhushue.IndexItem copy$default(com.sabah.bikhushue.IndexItem,int,java.lang.String,java.lang.String,int,int,java.lang.Object)
...
androidx.fragment.app.FragmentState$1:
    public static androidx.fragment.app.FragmentState createFromParcel()
    public static androidx.fragment.app.FragmentState[] newArray()
androidx.fragment.app.FragmentStateManager$1:
    public final synthetic androidx.fragment.app.FragmentStateManager this$0
androidx.fragment.app.FragmentStateManager$2
androidx.fragment.app.FragmentStateManager:
    public static androidx.fragment.app.Fragment getFragment()
    public static androidx.fragment.app.FragmentState saveState()
    public static void setFragmentManagerState()
androidx.fragment.app.FragmentStore:
    public final void burpActive()
    public final boolean containsActiveFragment(java.lang.String)
    public static void dispatchStateChange()
    public static void dump()
    public static androidx.fragment.app.Fragment findFragmentById()
    public static androidx.fragment.app.Fragment findFragmentByTag()
    public static int findFragmentIndexInContainer()
    public final androidx.fragment.app.FragmentStateManager getFragmentStateManager(java.lang.String)
    public static androidx.fragment.app.FragmentManagerViewModel getNonConfig()
    public static void moveToExpectedState()
    public final void removeFragment(androidx.fragment.app.Fragment)
    public static void resetActiveFragments()
    public static void restoreAddedFragments()
    public static java.util.ArrayList saveActiveFragments()
    public static java.util.ArrayList saveAddedFragments()
    public static void setNonConfig()
androidx.fragment.app.FragmentTransaction
androidx.fragment.app.FragmentTransition$1
androidx.fragment.app.FragmentTransition$2
androidx.fragment.app.FragmentTransition$3
androidx.fragment.app.FragmentTransition$4
androidx.fragment.app.FragmentTransition$5
androidx.fragment.app.FragmentTransition$6
androidx.fragment.app.FragmentTransition$Callback
androidx.fragment.app.FragmentTransition$FragmentContainerTransition
androidx.fragment.app.FragmentTransition
androidx.fragment.app.FragmentTransitionCompat21$1
androidx.fragment.app.FragmentTransitionCompat21$2
androidx.fragment.app.FragmentTransitionCompat21$3
androidx.fragment.app.FragmentTransitionCompat21$4
androidx.fragment.app.FragmentTransitionCompat21$5
androidx.fragment.app.FragmentTransitionCompat21
androidx.fragment.app.FragmentTransitionImpl$1
androidx.fragment.app.FragmentTransitionImpl$2
androidx.fragment.app.FragmentTransitionImpl$3
androidx.fragment.app.FragmentTransitionImpl
androidx.fragment.app.FragmentViewLifecycleOwner:
    public final androidx.fragment.app.Fragment mFragment
    public static boolean isInitialized()
    public static void performRestore()
    public static void performSave()
    public static void setCurrentState()
androidx.fragment.app.SpecialEffectsController$3
androidx.fragment.app.SpecialEffectsController$FragmentStateManagerOperation:
    public final void addCompletionListener(java.lang.Runnable)
    public static void complete$androidx$fragment$app$SpecialEffectsController$Operation()
    public static void completeSpecialEffect()
    public static int getFinalState()
    public static androidx.fragment.app.Fragment getFragment()
    public static int getLifecycleImpact()
    public static boolean isCanceled()
    public static boolean isComplete()
    public final void markStartedSpecialEffect(androidx.core.os.CancellationSignal)
androidx.fragment.app.SpecialEffectsController$Operation$LifecycleImpact$EnumUnboxingLocalUtility:
    static void <clinit>()
    public static int _valueOf(java.lang.String)
    public static int[] _values()
    public static synthetic java.lang.String name(int)
    public static synthetic int valueOf(java.lang.String)
androidx.fragment.app.SpecialEffectsController$Operation$LifecycleImpact